<?xml version="1.0" encoding="UTF-8"?>
<!-- Generated by org.testng.reporters.JUnitXMLReporter -->
<testsuite ignored="2" hostname="DESKTOP-HDPU2L2" failures="0" tests="2" name="Testreal" time="0.114" errors="0" timestamp="2024-05-13T13:01:49 IST">
  <testcase classname="sdet.GroupingExample" name="testB" time="0.027"/>
  <testcase classname="sdet.GroupingExample" name="testD" time="0.003"/>
  <testcase classname="sdet.GroupingExample" name="testC" time="0.0">
    <ignored/>
  </testcase> <!-- testC -->
  <testcase classname="sdet.GroupingExample" name="testA" time="0.0">
    <ignored/>
  </testcase> <!-- testA -->
</testsuite> <!-- Testreal -->
