<?xml version="1.0" encoding="UTF-8"?>
<!-- Generated by org.testng.reporters.JUnitXMLReporter -->
<testsuite ignored="0" hostname="DESKTOP-HDPU2L2" failures="1" tests="3" name="Test" time="0.133" errors="0" timestamp="2024-05-17T16:47:10 IST">
  <testcase classname="listeners.ListenerTest1" name="test1" time="0.029"/>
  <testcase classname="listeners.ListenerTest1" name="test2" time="0.004">
    <failure type="junit.framework.AssertionFailedError">
      <![CDATA[junit.framework.AssertionFailedError
at junit.framework.Assert.fail(Assert.java:47)
at junit.framework.Assert.assertTrue(Assert.java:20)
at junit.framework.Assert.assertTrue(Assert.java:27)
at listeners.ListenerTest1.test2(ListenerTest1.java:20)
at java.base/java.util.ArrayList.forEach(ArrayList.java:1597)
... Removed 25 stack frames]]>
    </failure>
  </testcase> <!-- test2 -->
  <testcase classname="listeners.ListenerTest1" name="test3" time="0.007">
    <skipped/>
  </testcase> <!-- test3 -->
</testsuite> <!-- Test -->
